# configure exec: ./configure --prefix=/Users/haipn/Desktop/socketserver/node_modules/node-rdkafka/build/deps --libdir=/Users/haipn/Desktop/socketserver/node_modules/node-rdkafka/build/deps --prefix=/Users/haipn/Desktop/socketserver/node_modules/node-rdkafka/build/deps --libdir=/Users/haipn/Desktop/socketserver/node_modules/node-rdkafka/build/deps
# On Sun Nov 27 21:47:07 +07 2022
DBG 34793: Setting distro (distro) status to ok (action ignore)
DBG 34793: ccenv: WITH_CC:  --version failed: mklove/modules/configure.base: line 1824: --version: command not found
DBG 34793: Setting ccenv (ccenv) status to failed (action cont)
DBG 34793: Check ccenv (WITH_CC, action cont (originally cont)) failed: command ' --version' failed:
mklove/modules/configure.base: line 1824: --version: command not found
DBG 34793: Setting gcc (gcc) status to ok (action cont)
DBG 34793: cxxenv: WITH_CXX:  --version failed: mklove/modules/configure.base: line 1824: --version: command not found
DBG 34793: Setting cxxenv (cxxenv) status to failed (action cont)
DBG 34793: Check cxxenv (WITH_CXX, action cont (originally cont)) failed: command ' --version' failed:
mklove/modules/configure.base: line 1824: --version: command not found
DBG 34793: Setting gxx (gxx) status to ok (action cont)
DBG 34793: Setting ld (ld) status to ok (action disable)
DBG 34793: Setting nm (nm) status to ok (action disable)
DBG 34793: Setting objdump (objdump) status to ok (action disable)
DBG 34793: Setting strip (strip) status to ok (action disable)
DBG 34793: Setting libtool (libtool) status to ok (action disable)
DBG 34793: Setting ranlib (ranlib) status to ok (action disable)
DBG 34793: Compile check cc_g_dwarf () (sub=0): gcc   -Wall -Werror _mkltmpZiNKlb.c -o _mkltmpZiNKlb.c.o  -L/Users/haipn/Desktop/socketserver/node_modules/node-rdkafka/build/deps -gstrict-dwarf 
DBG 34793: Setting cc_g_dwarf (cc_g_dwarf) status to ok (action cont)
DBG 34793: pkgconfig: WITH_PKGCONFIG: pkg-config --version failed: mklove/modules/configure.base: line 1824: pkg-config: command not found
DBG 34793: Setting pkgconfig (pkgconfig) status to failed (action cont)
DBG 34793: Check pkgconfig (WITH_PKGCONFIG, action cont (originally cont)) failed: command 'pkg-config --version' failed:
mklove/modules/configure.base: line 1824: pkg-config: command not found
DBG 34793: install: WITH_INSTALL: /usr/bin/install --version failed: /usr/bin/install: illegal option -- -
usage: install [-bCcpSsv] [-B suffix] [-f flags] [-g group] [-m mode]
               [-o owner] file1 file2
       install [-bCcpSsv] [-B suffix] [-f flags] [-g group] [-m mode]
               [-o owner] file1 ... fileN directory
       install -d [-v] [-g group] [-m mode] [-o owner] directory ...
DBG 34793: Setting install (install) status to failed (action cont)
DBG 34793: Check install (WITH_INSTALL, action cont (originally cont)) failed: command '/usr/bin/install --version' failed:
/usr/bin/install: illegal option -- -
usage: install [-bCcpSsv] [-B suffix] [-f flags] [-g group] [-m mode]
               [-o owner] file1 file2
       install [-bCcpSsv] [-B suffix] [-f flags] [-g group] [-m mode]
               [-o owner] file1 ... fileN directory
       install -d [-v] [-g group] [-m mode] [-o owner] directory ...
DBG 34793: gnuar: HAS_GNU_AR: ar -V 2>/dev/null | grep -q GNU failed: ar: one of options -dmpqrtsx is required
usage:  ar -d [-TLsv] archive file ...
	ar -m [-TLsv] archive file ...
	ar -m [-abiTLsv] position archive file ...
	ar -p [-TLsv] archive [file ...]
	ar -q [-cTLsv] archive file ...
	ar -r [-cuTLsv] archive file ...
	ar -r [-abciuTLsv] position archive file ...
	ar -t [-TLsv] archive [file ...]
	ar -x [-ouTLsv] archive [file ...]
DBG 34793: Setting gnuar (gnuar) status to failed (action disable)
DBG 34793: Check gnuar (HAS_GNU_AR, action disable (originally disable)) failed: command 'ar -V 2>/dev/null | grep -q GNU' failed:
ar: one of options -dmpqrtsx is required
usage:  ar -d [-TLsv] archive file ...
	ar -m [-TLsv] archive file ...
	ar -m [-abiTLsv] position archive file ...
	ar -p [-TLsv] archive [file ...]
	ar -q [-cTLsv] archive file ...
	ar -r [-cuTLsv] archive file ...
	ar -r [-abciuTLsv] position archive file ...
	ar -t [-TLsv] archive [file ...]
	ar -x [-ouTLsv] archive [file ...]
DBG 34793: Compile check PIC (HAVE_PIC) (sub=0): gcc  -gstrict-dwarf -O2 -Wall -Werror _mkltmpQtPMUc.c -o _mkltmpQtPMUc.c.o  -L/Users/haipn/Desktop/socketserver/node_modules/node-rdkafka/build/deps -fPIC 
DBG 34793: Setting PIC (PIC) status to ok (action disable)
DBG 34793: Compile check gnulib (WITH_GNULD) (sub=0): gcc  -gstrict-dwarf -O2 -fPIC -Wall -Werror _mkltmp5QIyjZ.c -o _mkltmp5QIyjZ.c.o  -L/Users/haipn/Desktop/socketserver/node_modules/node-rdkafka/build/deps -shared -Wl,-soname,mkltest.0 
DBG 34793: compile check for gnulib (WITH_GNULD) failed: gcc  -gstrict-dwarf -O2 -fPIC -Wall -Werror _mkltmp5QIyjZ.c -o _mkltmp5QIyjZ.c.o  -L/Users/haipn/Desktop/socketserver/node_modules/node-rdkafka/build/deps -shared -Wl,-soname,mkltest.0 : ld: unknown option: -soname
clang: error: linker command failed with exit code 1 (use -v to see invocation)
DBG 34793: Setting gnulib (gnulib) status to failed (action cont)
DBG 34793: Check gnulib (WITH_GNULD, action cont (originally cont)) failed: compile check failed:
CC: CC
flags: -shared -Wl,-soname,mkltest.0
gcc  -gstrict-dwarf -O2 -fPIC -Wall -Werror _mkltmp5QIyjZ.c -o _mkltmp5QIyjZ.c.o  -L/Users/haipn/Desktop/socketserver/node_modules/node-rdkafka/build/deps -shared -Wl,-soname,mkltest.0 :
ld: unknown option: -soname
clang: error: linker command failed with exit code 1 (use -v to see invocation)
source: 
DBG 34793: Compile check osxlib (WITH_OSXLD) (sub=0): gcc  -gstrict-dwarf -O2 -fPIC -Wall -Werror _mkltmp4gE876.c -o _mkltmp4gE876.c.o  -L/Users/haipn/Desktop/socketserver/node_modules/node-rdkafka/build/deps -dynamiclib -Wl,-install_name,/tmp/mkltest.so.0 
DBG 34793: Setting osxlib (osxlib) status to ok (action cont)
DBG 34793: Compile check ldsflagvs () (sub=0): gcc  -gstrict-dwarf -O2 -fPIC -Wall -Werror _mkltmpsdQzBg.c -o _mkltmpsdQzBg.c.o  -L/Users/haipn/Desktop/socketserver/node_modules/node-rdkafka/build/deps -shared -Wl,--version-script=_mkltmpKQSMG2 
DBG 34793: compile check for ldsflagvs () failed: gcc  -gstrict-dwarf -O2 -fPIC -Wall -Werror _mkltmpsdQzBg.c -o _mkltmpsdQzBg.c.o  -L/Users/haipn/Desktop/socketserver/node_modules/node-rdkafka/build/deps -shared -Wl,--version-script=_mkltmpKQSMG2 : ld: unknown option: --version-script=_mkltmpKQSMG2
clang: error: linker command failed with exit code 1 (use -v to see invocation)
DBG 34793: Setting ldsflagvs (ldsflagvs) status to failed (action cont)
DBG 34793: Check ldsflagvs (, action cont (originally cont)) failed: compile check failed:
CC: CC
flags: -shared -Wl,--version-script=_mkltmpKQSMG2
gcc  -gstrict-dwarf -O2 -fPIC -Wall -Werror _mkltmpsdQzBg.c -o _mkltmpsdQzBg.c.o  -L/Users/haipn/Desktop/socketserver/node_modules/node-rdkafka/build/deps -shared -Wl,--version-script=_mkltmpKQSMG2 :
ld: unknown option: --version-script=_mkltmpKQSMG2
clang: error: linker command failed with exit code 1 (use -v to see invocation)
source: 
DBG 34793: Compile check ldsflagm () (sub=0): gcc  -gstrict-dwarf -O2 -fPIC -Wall -Werror _mkltmp1ggEbL.c -o _mkltmp1ggEbL.c.o  -L/Users/haipn/Desktop/socketserver/node_modules/node-rdkafka/build/deps -shared -Wl,-M_mkltmpKQSMG2 
DBG 34793: compile check for ldsflagm () failed: gcc  -gstrict-dwarf -O2 -fPIC -Wall -Werror _mkltmp1ggEbL.c -o _mkltmp1ggEbL.c.o  -L/Users/haipn/Desktop/socketserver/node_modules/node-rdkafka/build/deps -shared -Wl,-M_mkltmpKQSMG2 : ld: unknown option: -M_mkltmpKQSMG2
clang: error: linker command failed with exit code 1 (use -v to see invocation)
DBG 34793: Setting ldsflagm (ldsflagm) status to failed (action ignore)
DBG 34793: Check ldsflagm (, action ignore (originally ignore)) failed: compile check failed:
CC: CC
flags: -shared -Wl,-M_mkltmpKQSMG2
gcc  -gstrict-dwarf -O2 -fPIC -Wall -Werror _mkltmp1ggEbL.c -o _mkltmp1ggEbL.c.o  -L/Users/haipn/Desktop/socketserver/node_modules/node-rdkafka/build/deps -shared -Wl,-M_mkltmpKQSMG2 :
ld: unknown option: -M_mkltmpKQSMG2
clang: error: linker command failed with exit code 1 (use -v to see invocation)
source: 
DBG 34793: Compile check __atomic_32 (HAVE_ATOMICS_32) (sub=0): gcc  -gstrict-dwarf -O2 -fPIC -Wall -Werror _mkltmpfRNC64.c -o _mkltmpfRNC64.c.o  -L/Users/haipn/Desktop/socketserver/node_modules/node-rdkafka/build/deps  
DBG 34793: Setting __atomic_32 (__atomic_32) status to ok (action cont)
DBG 34793: Compile check __atomic_64 (HAVE_ATOMICS_64) (sub=0): gcc  -gstrict-dwarf -O2 -fPIC -Wall -Werror _mkltmpIxBJQE.c -o _mkltmpIxBJQE.c.o  -L/Users/haipn/Desktop/socketserver/node_modules/node-rdkafka/build/deps  
DBG 34793: Setting __atomic_64 (__atomic_64) status to ok (action cont)
DBG 34793: Compile check socket () (sub=0): gcc  -gstrict-dwarf -O2 -fPIC -Wall -Wsign-compare -Wfloat-equal -Wpointer-arith -Wcast-align -Wall -Werror _mkltmpni4lC3.c -o _mkltmpni4lC3.c.o  -L/Users/haipn/Desktop/socketserver/node_modules/node-rdkafka/build/deps  
DBG 34793: Setting socket (socket) status to ok (action cont)
DBG 34793: Setting parseversion (parseversion) status to ok (action cont)
DBG 34793: librt: Check for static library (libs -lrt, arfile variable STATIC_LIB_librt=, static filenames )
DBG 34793: Compile check librt () (sub=0): gcc  -gstrict-dwarf -O2 -fPIC -Wall -Wsign-compare -Wfloat-equal -Wpointer-arith -Wcast-align -Wall -Werror _mkltmpLE3193.c -o _mkltmpLE3193.c.o  -L/Users/haipn/Desktop/socketserver/node_modules/node-rdkafka/build/deps -lrt 
DBG 34793: compile check for librt () failed: gcc  -gstrict-dwarf -O2 -fPIC -Wall -Wsign-compare -Wfloat-equal -Wpointer-arith -Wcast-align -Wall -Werror _mkltmpLE3193.c -o _mkltmpLE3193.c.o  -L/Users/haipn/Desktop/socketserver/node_modules/node-rdkafka/build/deps -lrt : ld: library not found for -lrt
clang: error: linker command failed with exit code 1 (use -v to see invocation)
DBG 34793: Setting librt (librt) status to failed (action cont)
DBG 34793: Check librt (, action cont (originally cont)) failed: compile check failed:
CC: CC
flags: -lrt
gcc  -gstrict-dwarf -O2 -fPIC -Wall -Wsign-compare -Wfloat-equal -Wpointer-arith -Wcast-align -Wall -Werror _mkltmpLE3193.c -o _mkltmpLE3193.c.o  -L/Users/haipn/Desktop/socketserver/node_modules/node-rdkafka/build/deps -lrt :
ld: library not found for -lrt
clang: error: linker command failed with exit code 1 (use -v to see invocation)
source: 
DBG 34793: libpthread: Check for static library (libs -lpthread, arfile variable STATIC_LIB_libpthread=, static filenames )
DBG 34793: Compile check libpthread () (sub=0): gcc  -gstrict-dwarf -O2 -fPIC -Wall -Wsign-compare -Wfloat-equal -Wpointer-arith -Wcast-align -Wall -Werror _mkltmpc2MUTv.c -o _mkltmpc2MUTv.c.o  -L/Users/haipn/Desktop/socketserver/node_modules/node-rdkafka/build/deps -lpthread 
DBG 34793: Setting libpthread (libpthread) status to ok (action fail)
DBG 34793: libpthread: from lib_check: LIBS: prepend -lpthread
DBG 34793: c11threads: Check for static library (libs -lpthread, arfile variable STATIC_LIB_c11threads=, static filenames )
DBG 34793: Compile check c11threads (WITH_C11THREADS) (sub=0): gcc  -gstrict-dwarf -O2 -fPIC -Wall -Wsign-compare -Wfloat-equal -Wpointer-arith -Wcast-align -Wall -Werror _mkltmpYqLKWo.c -o _mkltmpYqLKWo.c.o  -L/Users/haipn/Desktop/socketserver/node_modules/node-rdkafka/build/deps -lpthread -lpthread
DBG 34793: compile check for c11threads (WITH_C11THREADS) failed: gcc  -gstrict-dwarf -O2 -fPIC -Wall -Wsign-compare -Wfloat-equal -Wpointer-arith -Wcast-align -Wall -Werror _mkltmpYqLKWo.c -o _mkltmpYqLKWo.c.o  -L/Users/haipn/Desktop/socketserver/node_modules/node-rdkafka/build/deps -lpthread -lpthread: _mkltmpYqLKWo.c:2:10: fatal error: 'threads.h' file not found
#include <threads.h>
         ^~~~~~~~~~~
1 error generated.
DBG 34793: Setting c11threads (c11threads) status to failed (action disable)
DBG 34793: Check c11threads (WITH_C11THREADS, action disable (originally disable)) failed: compile check failed:
CC: CC
flags: -lpthread
gcc  -gstrict-dwarf -O2 -fPIC -Wall -Wsign-compare -Wfloat-equal -Wpointer-arith -Wcast-align -Wall -Werror _mkltmpYqLKWo.c -o _mkltmpYqLKWo.c.o  -L/Users/haipn/Desktop/socketserver/node_modules/node-rdkafka/build/deps -lpthread -lpthread:
_mkltmpYqLKWo.c:2:10: fatal error: 'threads.h' file not found
#include <threads.h>
         ^~~~~~~~~~~
1 error generated.
source: 
#include <threads.h>


static int start_func (void *arg) {
   int iarg = *(int *)arg;
   return iarg;
}

void foo (void) {
    thrd_t thr;
    int arg = 1;
    if (thrd_create(&thr, start_func, (void *)&arg) != thrd_success) {
      ;
    }
}

DBG 34793: libdl: Check for static library (libs -ldl, arfile variable STATIC_LIB_libdl=, static filenames )
DBG 34793: Compile check libdl (WITH_LIBDL) (sub=0): gcc  -gstrict-dwarf -O2 -fPIC -Wall -Wsign-compare -Wfloat-equal -Wpointer-arith -Wcast-align -Wall -Werror _mkltmpfeZg01.c -o _mkltmpfeZg01.c.o  -L/Users/haipn/Desktop/socketserver/node_modules/node-rdkafka/build/deps -ldl -lpthread
DBG 34793: Setting libdl (libdl) status to ok (action disable)
DBG 34793: libdl: from lib_check: LIBS: prepend -ldl
DBG 34793: zlib: Check for static library (libs -lz, arfile variable STATIC_LIB_zlib=, static filenames libz.a)
DBG 34793: Compile check zlib (WITH_ZLIB) (sub=0): gcc  -gstrict-dwarf -O2 -fPIC -Wall -Wsign-compare -Wfloat-equal -Wpointer-arith -Wcast-align -Wall -Werror _mkltmp1uxggY.c -o _mkltmp1uxggY.c.o  -L/Users/haipn/Desktop/socketserver/node_modules/node-rdkafka/build/deps -lz -ldl -lpthread
DBG 34793: Setting zlib (zlib) status to ok (action disable)
DBG 34793: zlib: from lib_check: LIBS: prepend -lz
DBG 34793: libcrypto: Check for static library (libs -lcrypto, arfile variable STATIC_LIB_libcrypto=, static filenames libcrypto.a)
DBG 34793: Compile check libcrypto () (sub=0): gcc  -gstrict-dwarf -O2 -fPIC -Wall -Wsign-compare -Wfloat-equal -Wpointer-arith -Wcast-align -Wall -Werror _mkltmp1zpNPR.c -o _mkltmp1zpNPR.c.o  -L/Users/haipn/Desktop/socketserver/node_modules/node-rdkafka/build/deps -lcrypto -lz -ldl -lpthread
DBG 34793: compile check for libcrypto () failed: gcc  -gstrict-dwarf -O2 -fPIC -Wall -Wsign-compare -Wfloat-equal -Wpointer-arith -Wcast-align -Wall -Werror _mkltmp1zpNPR.c -o _mkltmp1zpNPR.c.o  -L/Users/haipn/Desktop/socketserver/node_modules/node-rdkafka/build/deps -lcrypto -lz -ldl -lpthread: _mkltmp1zpNPR.c:2:10: fatal error: 'openssl/ssl.h' file not found
#include <openssl/ssl.h>
         ^~~~~~~~~~~~~~~
1 error generated.
DBG 34793: Setting libcrypto (libcrypto) status to failed (action disable)
DBG 34793: Check libcrypto (, action disable (originally disable)) failed: compile check failed:
CC: CC
flags: -lcrypto
gcc  -gstrict-dwarf -O2 -fPIC -Wall -Wsign-compare -Wfloat-equal -Wpointer-arith -Wcast-align -Wall -Werror _mkltmp1zpNPR.c -o _mkltmp1zpNPR.c.o  -L/Users/haipn/Desktop/socketserver/node_modules/node-rdkafka/build/deps -lcrypto -lz -ldl -lpthread:
_mkltmp1zpNPR.c:2:10: fatal error: 'openssl/ssl.h' file not found
#include <openssl/ssl.h>
         ^~~~~~~~~~~~~~~
1 error generated.
source: 
#include <openssl/ssl.h>
#include <openssl/evp.h>
#if OPENSSL_VERSION_NUMBER < 0x1000100fL
#error "Requires OpenSSL version >= v1.0.1"
#endif
DBG 34793: libsasl2: Check for static library (libs -lsasl2, arfile variable STATIC_LIB_libsasl2=, static filenames )
DBG 34793: Compile check libsasl2 (WITH_SASL_CYRUS) (sub=0): gcc  -gstrict-dwarf -O2 -fPIC -Wall -Wsign-compare -Wfloat-equal -Wpointer-arith -Wcast-align -Wall -Werror _mkltmp4hLOHY.c -o _mkltmp4hLOHY.c.o  -L/Users/haipn/Desktop/socketserver/node_modules/node-rdkafka/build/deps -lsasl2 -lz -ldl -lpthread
DBG 34793: Setting libsasl2 (libsasl2) status to ok (action disable)
DBG 34793: libsasl2: from lib_check: LIBS: prepend -lsasl2
DBG 34793: libzstd: Check for static library (libs -lzstd, arfile variable STATIC_LIB_libzstd=, static filenames libzstd.a)
DBG 34793: Compile check libzstd (WITH_ZSTD) (sub=0): gcc  -gstrict-dwarf -O2 -fPIC -Wall -Wsign-compare -Wfloat-equal -Wpointer-arith -Wcast-align -Wall -Werror _mkltmpho8EtQ.c -o _mkltmpho8EtQ.c.o  -L/Users/haipn/Desktop/socketserver/node_modules/node-rdkafka/build/deps -lzstd -lsasl2 -lz -ldl -lpthread
DBG 34793: compile check for libzstd (WITH_ZSTD) failed: gcc  -gstrict-dwarf -O2 -fPIC -Wall -Wsign-compare -Wfloat-equal -Wpointer-arith -Wcast-align -Wall -Werror _mkltmpho8EtQ.c -o _mkltmpho8EtQ.c.o  -L/Users/haipn/Desktop/socketserver/node_modules/node-rdkafka/build/deps -lzstd -lsasl2 -lz -ldl -lpthread: _mkltmpho8EtQ.c:2:10: fatal error: 'zstd.h' file not found
#include <zstd.h>
         ^~~~~~~~
1 error generated.
DBG 34793: Setting libzstd (libzstd) status to failed (action disable)
DBG 34793: Check libzstd (WITH_ZSTD, action disable (originally disable)) failed: compile check failed:
CC: CC
flags: -lzstd
gcc  -gstrict-dwarf -O2 -fPIC -Wall -Wsign-compare -Wfloat-equal -Wpointer-arith -Wcast-align -Wall -Werror _mkltmpho8EtQ.c -o _mkltmpho8EtQ.c.o  -L/Users/haipn/Desktop/socketserver/node_modules/node-rdkafka/build/deps -lzstd -lsasl2 -lz -ldl -lpthread:
_mkltmpho8EtQ.c:2:10: fatal error: 'zstd.h' file not found
#include <zstd.h>
         ^~~~~~~~
1 error generated.
source: 
#include <zstd.h>
#include <zstd_errors.h>

void foo (void) {
     ZSTD_getFrameContentSize(NULL, 0);
}

DBG 34793: libcurl: Check for static library (libs -lcurl, arfile variable STATIC_LIB_libcurl=, static filenames libcurl.a)
DBG 34793: Compile check libcurl (WITH_CURL) (sub=0): gcc  -gstrict-dwarf -O2 -fPIC -Wall -Wsign-compare -Wfloat-equal -Wpointer-arith -Wcast-align -Wall -Werror _mkltmpLgeUXX.c -o _mkltmpLgeUXX.c.o  -L/Users/haipn/Desktop/socketserver/node_modules/node-rdkafka/build/deps -lcurl -lsasl2 -lz -ldl -lpthread
DBG 34793: Setting libcurl (libcurl) status to ok (action disable)
DBG 34793: libcurl: from lib_check: LIBS: prepend -lcurl
DBG 34793: libm: Check for static library (libs -lm, arfile variable STATIC_LIB_libm=, static filenames )
DBG 34793: Compile check libm () (sub=0): gcc  -gstrict-dwarf -O2 -fPIC -Wall -Wsign-compare -Wfloat-equal -Wpointer-arith -Wcast-align -Wall -Werror _mkltmpo4ptsT.c -o _mkltmpo4ptsT.c.o  -L/Users/haipn/Desktop/socketserver/node_modules/node-rdkafka/build/deps -lm -lcurl -lsasl2 -lz -ldl -lpthread
DBG 34793: Setting libm (libm) status to ok (action disable)
DBG 34793: libm: from lib_check: LIBS: prepend -lm
DBG 34793: liblz4: Check for static library (libs -llz4, arfile variable STATIC_LIB_liblz4=, static filenames liblz4.a)
DBG 34793: Compile check liblz4 (WITH_LZ4_EXT) (sub=0): gcc  -gstrict-dwarf -O2 -fPIC -Wall -Wsign-compare -Wfloat-equal -Wpointer-arith -Wcast-align -Wall -Werror _mkltmp9wb0dh.c -o _mkltmp9wb0dh.c.o  -L/Users/haipn/Desktop/socketserver/node_modules/node-rdkafka/build/deps -llz4 -lm -lcurl -lsasl2 -lz -ldl -lpthread
DBG 34793: compile check for liblz4 (WITH_LZ4_EXT) failed: gcc  -gstrict-dwarf -O2 -fPIC -Wall -Wsign-compare -Wfloat-equal -Wpointer-arith -Wcast-align -Wall -Werror _mkltmp9wb0dh.c -o _mkltmp9wb0dh.c.o  -L/Users/haipn/Desktop/socketserver/node_modules/node-rdkafka/build/deps -llz4 -lm -lcurl -lsasl2 -lz -ldl -lpthread: _mkltmp9wb0dh.c:1:10: fatal error: 'lz4frame.h' file not found
#include <lz4frame.h>
         ^~~~~~~~~~~~
1 error generated.
DBG 34793: Setting liblz4 (liblz4) status to failed (action disable)
DBG 34793: Check liblz4 (WITH_LZ4_EXT, action disable (originally disable)) failed: compile check failed:
CC: CC
flags: -llz4
gcc  -gstrict-dwarf -O2 -fPIC -Wall -Wsign-compare -Wfloat-equal -Wpointer-arith -Wcast-align -Wall -Werror _mkltmp9wb0dh.c -o _mkltmp9wb0dh.c.o  -L/Users/haipn/Desktop/socketserver/node_modules/node-rdkafka/build/deps -llz4 -lm -lcurl -lsasl2 -lz -ldl -lpthread:
_mkltmp9wb0dh.c:1:10: fatal error: 'lz4frame.h' file not found
#include <lz4frame.h>
         ^~~~~~~~~~~~
1 error generated.
source: #include <lz4frame.h>
DBG 34793: Compile check syslog (WITH_SYSLOG) (sub=0): gcc  -gstrict-dwarf -O2 -fPIC -Wall -Wsign-compare -Wfloat-equal -Wpointer-arith -Wcast-align -Wall -Werror _mkltmpsTAS7j.c -o _mkltmpsTAS7j.c.o  -L/Users/haipn/Desktop/socketserver/node_modules/node-rdkafka/build/deps  -lm -lcurl -lsasl2 -lz -ldl -lpthread
DBG 34793: Setting syslog (syslog) status to ok (action disable)
DBG 34793: Compile check rapidjson (WITH_RAPIDJSON) (sub=0): g++  -gstrict-dwarf -O2 -fPIC -Wall -Wsign-compare -Wfloat-equal -Wpointer-arith -Wcast-align -Wall -Werror _mkltmpkdKhCs.cpp -o _mkltmpkdKhCs.cpp.o  -L/Users/haipn/Desktop/socketserver/node_modules/node-rdkafka/build/deps  -lm -lcurl -lsasl2 -lz -ldl -lpthread
DBG 34793: compile check for rapidjson (WITH_RAPIDJSON) failed: g++  -gstrict-dwarf -O2 -fPIC -Wall -Wsign-compare -Wfloat-equal -Wpointer-arith -Wcast-align -Wall -Werror _mkltmpkdKhCs.cpp -o _mkltmpkdKhCs.cpp.o  -L/Users/haipn/Desktop/socketserver/node_modules/node-rdkafka/build/deps  -lm -lcurl -lsasl2 -lz -ldl -lpthread: _mkltmpkdKhCs.cpp:1:10: fatal error: 'rapidjson/schema.h' file not found
#include <rapidjson/schema.h>
         ^~~~~~~~~~~~~~~~~~~~
1 error generated.
DBG 34793: Setting rapidjson (rapidjson) status to failed (action disable)
DBG 34793: Check rapidjson (WITH_RAPIDJSON, action disable (originally disable)) failed: compile check failed:
CC: CXX
flags: 
g++  -gstrict-dwarf -O2 -fPIC -Wall -Wsign-compare -Wfloat-equal -Wpointer-arith -Wcast-align -Wall -Werror _mkltmpkdKhCs.cpp -o _mkltmpkdKhCs.cpp.o  -L/Users/haipn/Desktop/socketserver/node_modules/node-rdkafka/build/deps  -lm -lcurl -lsasl2 -lz -ldl -lpthread:
_mkltmpkdKhCs.cpp:1:10: fatal error: 'rapidjson/schema.h' file not found
#include <rapidjson/schema.h>
         ^~~~~~~~~~~~~~~~~~~~
1 error generated.
source: #include <rapidjson/schema.h>
DBG 34793: Compile check crc32chw (WITH_CRC32C_HW) (sub=0): gcc  -gstrict-dwarf -O2 -fPIC -Wall -Wsign-compare -Wfloat-equal -Wpointer-arith -Wcast-align -Wall -Werror _mkltmp6xRUdA.c -o _mkltmp6xRUdA.c.o  -L/Users/haipn/Desktop/socketserver/node_modules/node-rdkafka/build/deps  -lm -lcurl -lsasl2 -lz -ldl -lpthread
DBG 34793: compile check for crc32chw (WITH_CRC32C_HW) failed: gcc  -gstrict-dwarf -O2 -fPIC -Wall -Wsign-compare -Wfloat-equal -Wpointer-arith -Wcast-align -Wall -Werror _mkltmp6xRUdA.c -o _mkltmp6xRUdA.c.o  -L/Users/haipn/Desktop/socketserver/node_modules/node-rdkafka/build/deps  -lm -lcurl -lsasl2 -lz -ldl -lpthread: _mkltmp6xRUdA.c:12:14: error: invalid output constraint '=c' in asm
           : "=c"(ecx)
             ^
1 error generated.
DBG 34793: Setting crc32chw (crc32chw) status to failed (action disable)
DBG 34793: Check crc32chw (WITH_CRC32C_HW, action disable (originally disable)) failed: compile check failed:
CC: CC
flags: 
gcc  -gstrict-dwarf -O2 -fPIC -Wall -Wsign-compare -Wfloat-equal -Wpointer-arith -Wcast-align -Wall -Werror _mkltmp6xRUdA.c -o _mkltmp6xRUdA.c.o  -L/Users/haipn/Desktop/socketserver/node_modules/node-rdkafka/build/deps  -lm -lcurl -lsasl2 -lz -ldl -lpthread:
_mkltmp6xRUdA.c:12:14: error: invalid output constraint '=c' in asm
           : "=c"(ecx)
             ^
1 error generated.
source: 
#include <inttypes.h>
#include <stdio.h>
#define LONGx1 "8192"
#define LONGx2 "16384"
void foo (void) {
   const char *n = "abcdefghijklmnopqrstuvwxyz0123456789";
   uint64_t c0 = 0, c1 = 1, c2 = 2;
   uint64_t s;
   uint32_t eax = 1, ecx;
   __asm__("cpuid"
           : "=c"(ecx)
           : "a"(eax)
           : "%ebx", "%edx");
   __asm__("crc32b\t" "(%1), %0"
           : "=r"(c0)
           : "r"(n), "0"(c0));
   __asm__("crc32q\t" "(%3), %0\n\t"
           "crc32q\t" LONGx1 "(%3), %1\n\t"
           "crc32q\t" LONGx2 "(%3), %2"
           : "=r"(c0), "=r"(c1), "=r"(c2)
           : "r"(n), "0"(c0), "1"(c1), "2"(c2));
  s = c0 + c1 + c2;
  printf("avoiding unused code removal by printing %d, %d, %d\n", (int)s, (int)eax, (int)ecx);
}

DBG 34793: Compile check regex (HAVE_REGEX) (sub=0): gcc  -gstrict-dwarf -O2 -fPIC -Wall -Wsign-compare -Wfloat-equal -Wpointer-arith -Wcast-align -Wall -Werror _mkltmpuO6EBI.c -o _mkltmpuO6EBI.c.o  -L/Users/haipn/Desktop/socketserver/node_modules/node-rdkafka/build/deps  -lm -lcurl -lsasl2 -lz -ldl -lpthread
DBG 34793: Setting regex (regex) status to ok (action disable)
DBG 34793: Compile check rand_r (HAVE_RAND_R) (sub=0): gcc  -gstrict-dwarf -O2 -fPIC -Wall -Wsign-compare -Wfloat-equal -Wpointer-arith -Wcast-align -Wall -Werror _mkltmpDBUp7F.c -o _mkltmpDBUp7F.c.o  -L/Users/haipn/Desktop/socketserver/node_modules/node-rdkafka/build/deps  -lm -lcurl -lsasl2 -lz -ldl -lpthread
DBG 34793: Setting rand_r (rand_r) status to ok (action disable)
DBG 34793: Compile check strndup (HAVE_STRNDUP) (sub=0): gcc  -gstrict-dwarf -O2 -fPIC -Wall -Wsign-compare -Wfloat-equal -Wpointer-arith -Wcast-align -Wall -Werror _mkltmp1RdWlz.c -o _mkltmp1RdWlz.c.o  -L/Users/haipn/Desktop/socketserver/node_modules/node-rdkafka/build/deps  -lm -lcurl -lsasl2 -lz -ldl -lpthread
DBG 34793: Setting strndup (strndup) status to ok (action disable)
DBG 34793: Compile check strlcpy (HAVE_STRLCPY) (sub=0): gcc  -gstrict-dwarf -O2 -fPIC -Wall -Wsign-compare -Wfloat-equal -Wpointer-arith -Wcast-align -Wall -Werror _mkltmpgBJfwQ.c -o _mkltmpgBJfwQ.c.o  -L/Users/haipn/Desktop/socketserver/node_modules/node-rdkafka/build/deps  -lm -lcurl -lsasl2 -lz -ldl -lpthread
DBG 34793: Setting strlcpy (strlcpy) status to ok (action disable)
DBG 34793: Compile check strerror_r (HAVE_STRERROR_R) (sub=0): gcc  -gstrict-dwarf -O2 -fPIC -Wall -Wsign-compare -Wfloat-equal -Wpointer-arith -Wcast-align -Wall -Werror _mkltmpeyGhp2.c -o _mkltmpeyGhp2.c.o  -L/Users/haipn/Desktop/socketserver/node_modules/node-rdkafka/build/deps  -lm -lcurl -lsasl2 -lz -ldl -lpthread
DBG 34793: Setting strerror_r (strerror_r) status to ok (action disable)
DBG 34793: Compile check strcasestr (HAVE_STRCASESTR) (sub=0): gcc  -gstrict-dwarf -O2 -fPIC -Wall -Wsign-compare -Wfloat-equal -Wpointer-arith -Wcast-align -Wall -Werror _mkltmpoubOBf.c -o _mkltmpoubOBf.c.o  -L/Users/haipn/Desktop/socketserver/node_modules/node-rdkafka/build/deps  -lm -lcurl -lsasl2 -lz -ldl -lpthread
DBG 34793: Setting strcasestr (strcasestr) status to ok (action disable)
DBG 34793: Compile check pthread_setname_gnu (HAVE_PTHREAD_SETNAME_GNU) (sub=0): gcc  -gstrict-dwarf -O2 -fPIC -Wall -Wsign-compare -Wfloat-equal -Wpointer-arith -Wcast-align -Wall -Werror _mkltmp3b0f42.c -o _mkltmp3b0f42.c.o  -L/Users/haipn/Desktop/socketserver/node_modules/node-rdkafka/build/deps -D_GNU_SOURCE -lpthread -lm -lcurl -lsasl2 -lz -ldl -lpthread
DBG 34793: compile check for pthread_setname_gnu (HAVE_PTHREAD_SETNAME_GNU) failed: gcc  -gstrict-dwarf -O2 -fPIC -Wall -Wsign-compare -Wfloat-equal -Wpointer-arith -Wcast-align -Wall -Werror _mkltmp3b0f42.c -o _mkltmp3b0f42.c.o  -L/Users/haipn/Desktop/socketserver/node_modules/node-rdkafka/build/deps -D_GNU_SOURCE -lpthread -lm -lcurl -lsasl2 -lz -ldl -lpthread: _mkltmp3b0f42.c:5:38: error: too many arguments to function call, expected 1, have 2
  pthread_setname_np(pthread_self(), "abc");
  ~~~~~~~~~~~~~~~~~~                 ^~~~~
/Library/Developer/CommandLineTools/SDKs/MacOSX.sdk/usr/include/pthread.h:535:5: note: 'pthread_setname_np' declared here
int     pthread_setname_np(const char*);
        ^
1 error generated.
DBG 34793: Setting pthread_setname_gnu (pthread_setname_gnu) status to failed (action disable)
DBG 34793: Check pthread_setname_gnu (HAVE_PTHREAD_SETNAME_GNU, action disable (originally disable)) failed: compile check failed:
CC: CC
flags: -D_GNU_SOURCE -lpthread
gcc  -gstrict-dwarf -O2 -fPIC -Wall -Wsign-compare -Wfloat-equal -Wpointer-arith -Wcast-align -Wall -Werror _mkltmp3b0f42.c -o _mkltmp3b0f42.c.o  -L/Users/haipn/Desktop/socketserver/node_modules/node-rdkafka/build/deps -D_GNU_SOURCE -lpthread -lm -lcurl -lsasl2 -lz -ldl -lpthread:
_mkltmp3b0f42.c:5:38: error: too many arguments to function call, expected 1, have 2
  pthread_setname_np(pthread_self(), "abc");
  ~~~~~~~~~~~~~~~~~~                 ^~~~~
/Library/Developer/CommandLineTools/SDKs/MacOSX.sdk/usr/include/pthread.h:535:5: note: 'pthread_setname_np' declared here
int     pthread_setname_np(const char*);
        ^
1 error generated.
source: 
#include <pthread.h>

void foo (void) {
  pthread_setname_np(pthread_self(), "abc");
}

DBG 34793: Compile check pthread_setname_darwin (HAVE_PTHREAD_SETNAME_DARWIN) (sub=0): gcc  -gstrict-dwarf -O2 -fPIC -Wall -Wsign-compare -Wfloat-equal -Wpointer-arith -Wcast-align -Wall -Werror _mkltmpUX42Zg.c -o _mkltmpUX42Zg.c.o  -L/Users/haipn/Desktop/socketserver/node_modules/node-rdkafka/build/deps -D_DARWIN_C_SOURCE -lpthread -lm -lcurl -lsasl2 -lz -ldl -lpthread
DBG 34793: Setting pthread_setname_darwin (pthread_setname_darwin) status to ok (action disable)
DBG 34793: Setting nm (nm) status to ok (action cont)
DBG 34793: Compile check getrusage (HAVE_GETRUSAGE) (sub=0): gcc  -gstrict-dwarf -O2 -fPIC -Wall -Wsign-compare -Wfloat-equal -Wpointer-arith -Wcast-align -Wall -Werror _mkltmp6qdxC5.c -o _mkltmp6qdxC5.c.o  -L/Users/haipn/Desktop/socketserver/node_modules/node-rdkafka/build/deps  -lm -lcurl -lsasl2 -lz -ldl -lpthread
DBG 34793: Setting getrusage (getrusage) status to ok (action disable)
